<?xml version="1.0" encoding="UTF-8"?>
<robot generator="Robot 6.0.1 (Python 3.11.0 on win32)" generated="20230117 17:42:25.498" rpa="false" schemaversion="3">
<suite id="s1" name="BasicSearch" source="C:\Users\Anastasiya\python_projects\Robot_tutorial\Tests\eBay\BasicSearch.robot">
<test id="s1-t1" name="Verify basic search functionality for eBay" line="8">
<kw name="Open Browser" library="SeleniumLibrary">
<arg>https://www.ebay.com/</arg>
<arg>chrome</arg>
<doc>Opens a new browser instance to the optional ``url``.</doc>
<msg timestamp="20230117 17:42:25.697" level="INFO">Opening browser 'chrome' to base url 'https://www.ebay.com/'.</msg>
<status status="PASS" starttime="20230117 17:42:25.697" endtime="20230117 17:42:28.106"/>
</kw>
<kw name="Input Text" library="SeleniumLibrary">
<arg>//*[@id="gh-ac"]</arg>
<arg>mobile</arg>
<doc>Types the given ``text`` into the text field identified by ``locator``.</doc>
<msg timestamp="20230117 17:42:28.107" level="INFO">Typing text 'mobile' into text field '//*[@id="gh-ac"]'.</msg>
<status status="PASS" starttime="20230117 17:42:28.106" endtime="20230117 17:42:28.258"/>
</kw>
<kw name="Press Keys" library="SeleniumLibrary">
<arg>//*[@id="gh-btn"]</arg>
<arg>[return]</arg>
<doc>Simulates the user pressing key(s) to an element or on the active browser.</doc>
<msg timestamp="20230117 17:42:28.260" level="INFO">Sending key(s) ('[return]',) to //*[@id="gh-btn"] element.</msg>
<msg timestamp="20230117 17:42:31.092" level="INFO">Sending keys [return]</msg>
<status status="PASS" starttime="20230117 17:42:28.259" endtime="20230117 17:42:31.255"/>
</kw>
<kw name="Page Should Contain" library="SeleniumLibrary">
<arg>results for mobile</arg>
<doc>Verifies that current page contains ``text``.</doc>
<msg timestamp="20230117 17:42:31.332" level="INFO">Current page contains text 'results for mobile'.</msg>
<status status="PASS" starttime="20230117 17:42:31.256" endtime="20230117 17:42:31.332"/>
</kw>
<kw name="Close Browser" library="SeleniumLibrary">
<doc>Closes the current browser.</doc>
<status status="PASS" starttime="20230117 17:42:31.332" endtime="20230117 17:42:33.480"/>
</kw>
<doc>This test case verifies the basic search</doc>
<tag>Functional</tag>
<status status="PASS" starttime="20230117 17:42:25.696" endtime="20230117 17:42:33.481"/>
</test>
<doc>Basic Search Functionality</doc>
<status status="PASS" starttime="20230117 17:42:25.500" endtime="20230117 17:42:33.482"/>
</suite>
<statistics>
<total>
<stat pass="1" fail="0" skip="0">All Tests</stat>
</total>
<tag>
<stat pass="1" fail="0" skip="0">Functional</stat>
</tag>
<suite>
<stat pass="1" fail="0" skip="0" id="s1" name="BasicSearch">BasicSearch</stat>
</suite>
</statistics>
<errors>
</errors>
</robot>
